<?xml version="1.0" encoding="UTF-8"?>
<!-- Generated by org.testng.reporters.JUnitReportReporter -->
<testsuite hostname="LAPTOP-UOARS8I5" failures="0" tests="1" name="com.pract1.Grouping" time="0.003" errors="0" timestamp="2023-02-23T09:19:10 IST" skipped="0">
  <testcase classname="com.pract1.Grouping" name="m5" time="0.003"/>
  <system-out/>
</testsuite> <!-- com.pract1.Grouping -->
