<?xml version="1.0" encoding="UTF-8"?>
<!-- Generated by org.testng.reporters.JUnitReportReporter -->
<testsuite hostname="LAPTOP-UOARS8I5" failures="0" tests="2" name="AmazonDemo1.WebPage2" time="4.378" errors="0" timestamp="2023-02-27T19:18:37 IST" skipped="0">
  <testcase classname="AmazonDemo1.WebPage2" name="launch" time="4.259"/>
  <system-out/>
  <testcase classname="AmazonDemo1.WebPage2" name="nextStep" time="0.119"/>
  <system-out/>
</testsuite> <!-- AmazonDemo1.WebPage2 -->
