<?xml version="1.0" encoding="UTF-8"?>
<!-- Generated by org.testng.reporters.JUnitReportReporter -->
<testsuite hostname="LAPTOP-UOARS8I5" failures="0" tests="1" name="assertion.Softassertion1" time="5.321" errors="0" timestamp="2022-10-19T12:55:33 IST" skipped="0">
  <testcase classname="assertion.Softassertion1" name="assertest" time="5.321"/>
  <system-out/>
</testsuite> <!-- assertion.Softassertion1 -->
