<?xml version="1.0" encoding="UTF-8"?>
<!-- Generated by org.testng.reporters.JUnitReportReporter -->
<testsuite hostname="LAPTOP-UOARS8I5" failures="0" tests="1" name="assertion.Softassertion" time="9.451" errors="0" timestamp="2022-11-21T10:02:01 IST" skipped="0">
  <testcase classname="assertion.Softassertion" name="assertest" time="9.451"/>
  <system-out/>
</testsuite> <!-- assertion.Softassertion -->
