<?xml version="1.0" encoding="UTF-8"?>
<!-- Generated by org.testng.reporters.JUnitReportReporter -->
<testsuite hostname="LAPTOP-UOARS8I5" failures="0" tests="1" name="com.pract1.Grp2" time="0.016" errors="0" timestamp="2023-02-23T09:19:10 IST" skipped="0">
  <testcase classname="com.pract1.Grp2" name="http" time="0.016"/>
  <system-out/>
</testsuite> <!-- com.pract1.Grp2 -->
