<?xml version="1.0" encoding="UTF-8"?>
<!-- Generated by org.testng.reporters.JUnitReportReporter -->
<testsuite hostname="LAPTOP-UOARS8I5" failures="0" tests="1" name="AmazonDemo1.WebPage1" time="7.452" errors="0" timestamp="2023-02-27T18:59:53 IST" skipped="0">
  <testcase classname="AmazonDemo1.WebPage1" name="allTest" time="7.452"/>
  <system-out/>
</testsuite> <!-- AmazonDemo1.WebPage1 -->
